<?xml version="1.0" encoding="UTF-8"?>
<testng-results ignored="0" total="1" passed="1" failed="0" skipped="0">
  <reporter-output>
  </reporter-output>
  <suite started-at="2023-09-28T10:01:49 IST" name="Default suite" finished-at="2023-09-28T10:01:55 IST" duration-ms="6414">
    <groups>
    </groups>
    <test started-at="2023-09-28T10:01:49 IST" name="Default test" finished-at="2023-09-28T10:01:55 IST" duration-ms="6414">
      <class name="testngpkg.JD">
        <test-method is-config="true" signature="setUp()[pri:0, instance:testngpkg.JD@48aca48b]" started-at="2023-09-28T10:01:49 IST" name="setUp" finished-at="2023-09-28T10:01:53 IST" duration-ms="3704" status="PASS">
          <reporter-output>
          </reporter-output>
        </test-method> <!-- setUp -->
        <test-method signature="test()[pri:0, instance:testngpkg.JD@48aca48b]" started-at="2023-09-28T10:01:53 IST" name="test" finished-at="2023-09-28T10:01:55 IST" duration-ms="2600" status="PASS">
          <reporter-output>
          </reporter-output>
        </test-method> <!-- test -->
      </class> <!-- testngpkg.JD -->
    </test> <!-- Default test -->
  </suite> <!-- Default suite -->
</testng-results>
